{"/home/italo-pinheiro/Projetos/Projetos_Web/webacademy_t4/15_teste/myapp_test/src/utils/validacoes.js": {"path":"/home/italo-pinheiro/Projetos/Projetos_Web/webacademy_t4/15_teste/myapp_test/src/utils/validacoes.js","statementMap":{"0":{"start":{"line":8,"column":25},"end":{"line":8,"column":54}},"1":{"start":{"line":10,"column":2},"end":{"line":11,"column":52}},"2":{"start":{"line":10,"column":29},"end":{"line":10,"column":49}},"3":{"start":{"line":11,"column":7},"end":{"line":11,"column":52}},"4":{"start":{"line":23,"column":18},"end":{"line":29,"column":3}},"5":{"start":{"line":31,"column":28},"end":{"line":31,"column":48}},"6":{"start":{"line":32,"column":2},"end":{"line":33,"column":19}},"7":{"start":{"line":32,"column":31},"end":{"line":32,"column":44}},"8":{"start":{"line":33,"column":7},"end":{"line":33,"column":19}},"9":{"start":{"line":51,"column":14},"end":{"line":51,"column":15}},"10":{"start":{"line":52,"column":2},"end":{"line":54,"column":3}},"11":{"start":{"line":52,"column":15},"end":{"line":52,"column":16}},"12":{"start":{"line":53,"column":4},"end":{"line":53,"column":30}},"13":{"start":{"line":55,"column":2},"end":{"line":55,"column":15}},"14":{"start":{"line":58,"column":0},"end":{"line":62,"column":2}}},"fnMap":{"0":{"name":"primeiroNome","decl":{"start":{"line":7,"column":9},"end":{"line":7,"column":21}},"loc":{"start":{"line":7,"column":36},"end":{"line":12,"column":1}},"line":7},"1":{"name":"verificarDisponibilidadeEstoque","decl":{"start":{"line":22,"column":9},"end":{"line":22,"column":40}},"loc":{"start":{"line":22,"column":66},"end":{"line":34,"column":1}},"line":22},"2":{"name":"calcularPrecoTotal","decl":{"start":{"line":50,"column":9},"end":{"line":50,"column":27}},"loc":{"start":{"line":50,"column":38},"end":{"line":56,"column":1}},"line":50}},"branchMap":{"0":{"loc":{"start":{"line":10,"column":2},"end":{"line":11,"column":52}},"type":"if","locations":[{"start":{"line":10,"column":2},"end":{"line":11,"column":52}},{"start":{"line":11,"column":7},"end":{"line":11,"column":52}}],"line":10},"1":{"loc":{"start":{"line":32,"column":2},"end":{"line":33,"column":19}},"type":"if","locations":[{"start":{"line":32,"column":2},"end":{"line":33,"column":19}},{"start":{"line":33,"column":7},"end":{"line":33,"column":19}}],"line":32}},"s":{"0":4,"1":4,"2":1,"3":3,"4":5,"5":5,"6":5,"7":2,"8":3,"9":2,"10":2,"11":2,"12":2,"13":2,"14":1},"f":{"0":4,"1":5,"2":2},"b":{"0":[1,3],"1":[2,3]},"_coverageSchema":"1a1c01bbd47fc00a2c39e90264f33305004495a9","hash":"8e9a7aeca812af9023f75365c3f98e8fe249515e"}
}
